<?xml version="1.0" encoding="UTF-8"?>
<testsuite xmlns:xsi="http://www.w3.org/2001/XMLSchema-instance" xsi:noNamespaceSchemaLocation="https://maven.apache.org/surefire/maven-surefire-plugin/xsd/surefire-test-report.xsd" name="com.dette.AppTest" time="0.04" tests="1" errors="0" skipped="0" failures="0">
  <properties>
    <property name="java.specification.version" value="17"/>
    <property name="sun.cpu.isalist" value="amd64"/>
    <property name="sun.jnu.encoding" value="Cp1252"/>
    <property name="java.class.path" value="C:\Utilisateurs\DELL\Documents\JAVA\exam\target\test-classes;C:\Utilisateurs\DELL\Documents\JAVA\exam\target\classes;C:\Utilisateurs\DELL\.m2\repository\junit\junit\4.11\junit-4.11.jar;C:\Utilisateurs\DELL\.m2\repository\org\hamcrest\hamcrest-core\1.3\hamcrest-core-1.3.jar;"/>
    <property name="java.vm.vendor" value="Oracle Corporation"/>
    <property name="sun.arch.data.model" value="64"/>
    <property name="utilisateur.variant" value=""/>
    <property name="java.vendor.url" value="https://java.oracle.com/"/>
    <property name="utilisateur.timezone" value="Africa/Sao_Tome"/>
    <property name="os.name" value="Windows 11"/>
    <property name="java.vm.specification.version" value="17"/>
    <property name="utilisateur.country" value="FR"/>
    <property name="sun.java.launcher" value="SUN_STANDARD"/>
    <property name="sun.boot.library.path" value="C:\utilisateurs\DELL\Downloads\jdk-17.0.12_windows-x64_bin\jdk-17.0.12\bin"/>
    <property name="sun.java.command" value="C:\utilisateurs\DELL\AppData\Local\Temp\surefire12756766889889229641\surefirebooter7320461574402876458.jar C:\utilisateurs\DELL\AppData\Local\Temp\surefire12756766889889229641 2024-11-29T09-59-53_384-jvmRun1 surefire1960437679390296349tmp surefire_0477730721852418727tmp"/>
    <property name="jdk.debug" value="release"/>
    <property name="test" value="com.dette.AppTest"/>
    <property name="surefire.test.class.path" value="C:\Utilisateurs\DELL\Documents\JAVA\exam\target\test-classes;C:\Utilisateurs\DELL\Documents\JAVA\exam\target\classes;C:\Utilisateurs\DELL\.m2\repository\junit\junit\4.11\junit-4.11.jar;C:\utilisateurs\DELL\.m2\repository\org\hamcrest\hamcrest-core\1.3\hamcrest-core-1.3.jar;"/>
    <property name="sun.cpu.endian" value="little"/>
    <property name="utilisateur.home" value="C:\Utilisateurs\DELL"/>
    <property name="utilisateur.language" value="fr"/>
    <property name="java.specification.vendor" value="Oracle Corporation"/>
    <property name="java.version.date" value="2024-07-16"/>
    <property name="java.home" value="C:\Utilisateurs\DELL\Downloads\jdk-17.0.12_windows-x64_bin\jdk-17.0.12"/>
    <property name="file.separator" value="\"/>
    <property name="basedir" value="C:\Utilisateurs\DELL\Documents\JAVA\exam"/>
    <property name="java.vm.compressedOopsMode" value="Zero based"/>
    <property name="line.separator" value="&#10;"/>
    <property name="java.vm.specification.vendor" value="Oracle Corporation"/>
    <property name="java.specification.name" value="Java Platform API Specification"/>
    <property name="surefire.real.class.path" value="C:\Utilisateurs\DELL\AppData\Local\Temp\surefire12756766889889229641\surefirebooter7320461574402876458.jar"/>
    <property name="utilisateur.script" value=""/>
    <property name="sun.management.compiler" value="HotSpot 64-Bit Tiered Compilers"/>
    <property name="java.runtime.version" value="17.0.12+8-LTS-286"/>
    <property name="utilisateur.name" value="DELL"/>
    <property name="path.separator" value=";"/>
    <property name="os.version" value="10.0"/>
    <property name="java.runtime.name" value="Java(TM) SE Runtime Environment"/>
    <property name="file.encoding" value="Cp1252"/>
    <property name="java.vm.name" value="Java HotSpot(TM) 64-Bit Server VM"/>
    <property name="maven.ext.class.path" value="C:\Utilisateurs\DELL\.vscode\extensions\oracle.oracle-java-23.0.1\nbcode\java\maven-nblib\netbeans-eventspy.jar"/>
    <property name="localRepository" value="C:\Utilisateurs\DELL\.m2\repository"/>
    <property name="java.vendor.url.bug" value="https://bugreport.java.com/bugreport/"/>
    <property name="java.io.tmpdir" value="C:\Utilisateurs\DELL\AppData\Local\Temp\"/>
    <property name="java.version" value="17.0.12"/>
    <property name="utilisateur.dir" value="C:\Utilisateurs\DELL\Documents\JAVA\exam"/>
    <property name="os.arch" value="amd64"/>
    <property name="java.vm.specification.name" value="Java Virtual Machine Specification"/>
    <property name="sun.os.patch.level" value=""/>
    <property name="native.encoding" value="Cp1252"/>
    <property name="java.library.path" value="C:\Utilisateurs\DELL\Downloads\jdk-17.0.12_windows-x64_bin\jdk-17.0.12\bin;C:\WINDOWS\Sun\Java\bin;C:\WINDOWS\system32;C:\WINDOWS;C:\Program Files\Common Files\Oracle\Java\javapath;C:\Program Files (x86)\Common Files\Oracle\Java\java8path;C:\Program Files (x86)\Common Files\Oracle\Java\javapath;C:\Utilisateurs\DELL\Program Files\Apache\Maven\bin;C:\Program Files\Eclipse Adoptium\jdk-21.0.2.13-hotspot\bin;C:\Program Files\Python311\Scripts\;C:\Program Files\Python311\;C:\WINDOWS\system32;C:\WINDOWS;C:\WINDOWS\System32\Wbem;C:\WINDOWS\System32\WindowsPowerShell\v1.0\;C:\WINDOWS\System32\OpenSSH\;C:\Program Files\nodejs\;C:\Program Files\Git\cmd;C:\composer;C:\Utilisateurs\DELL\scoop\shims;C:\Utilisateurs\DELL\AppData\Local\Microsoft\WindowsApps\C:\Utilisateurs\DELL\Desktop\apache-maven-3.9.8\apache-maven-3.6.3\bin;C:\Utilisateurs\DELL\AppData\Local\Programs\Microsoft VS Code\bin;C:\Utilisateurs\DELL\AppData\Local\Pandoc\;C:\Utilisateurs\DELL\AppData\Roaming\npm;C:\wamp64\bin\php\php8.2.0;C:\Utilisateurs\DELL\AppData\Roaming\Composer\vendor\bin;C:\Utilisateurs\DELL\Downloads\jdk-17.0.12_windows-x64_bin\jdk-17.0.12\bin;;."/>
    <property name="java.vm.info" value="mixed mode, sharing"/>
    <property name="java.vendor" value="Oracle Corporation"/>
    <property name="java.vm.version" value="17.0.12+8-LTS-286"/>
    <property name="sun.io.unicode.encoding" value="UnicodeLittle"/>
    <property name="java.class.version" value="61.0"/>
  </properties>
  <testcase name="shouldAnswerWithTrue" classname="com.dette.AppTest" time="0.002"/>
</testsuite>